Flow report for Inversor
Tue Sep 03 21:54:50 2019
Quartus II Version 9.0 Build 132 02/25/2009 SJ Web Edition


---------------------
; Table of Contents ;
---------------------
  1. Legal Notice
  2. Flow Summary
  3. Flow Settings
  4. Flow Non-Default Global Settings
  5. Flow Elapsed Time
  6. Flow OS Summary
  7. Flow Log



----------------
; Legal Notice ;
----------------
Copyright (C) 1991-2009 Altera Corporation
Your use of Altera Corporation's design tools, logic functions 
and other software and tools, and its AMPP partner logic 
functions, and any output files from any of the foregoing 
(including device programming or simulation files), and any 
associated documentation or information are expressly subject 
to the terms and conditions of the Altera Program License 
Subscription Agreement, Altera MegaCore Function License 
Agreement, or other applicable license agreement, including, 
without limitation, that your use is for the sole purpose of 
programming logic devices manufactured by Altera and sold by 
Altera or its authorized distributors.  Please refer to the 
applicable agreement for further details.



+------------------------------------------------------------------------------+
; Flow Summary                                                                 ;
+------------------------------------+-----------------------------------------+
; Flow Status                        ; Successful - Tue Sep 03 21:54:48 2019   ;
; Quartus II Version                 ; 9.0 Build 132 02/25/2009 SJ Web Edition ;
; Revision Name                      ; Inversor                                ;
; Top-level Entity Name              ; Inversor                                ;
; Family                             ; Cyclone III                             ;
; Device                             ; EP3C16F484C6                            ;
; Timing Models                      ; Final                                   ;
; Met timing requirements            ; N/A                                     ;
; Total logic elements               ; 0 / 15,408 ( 0 % )                      ;
;     Total combinational functions  ; 0 / 15,408 ( 0 % )                      ;
;     Dedicated logic registers      ; 0 / 15,408 ( 0 % )                      ;
; Total registers                    ; 0                                       ;
; Total pins                         ; 2 / 347 ( < 1 % )                       ;
; Total virtual pins                 ; 0                                       ;
; Total memory bits                  ; 0 / 516,096 ( 0 % )                     ;
; Embedded Multiplier 9-bit elements ; 0 / 112 ( 0 % )                         ;
; Total PLLs                         ; 0 / 4 ( 0 % )                           ;
+------------------------------------+-----------------------------------------+


+-----------------------------------------+
; Flow Settings                           ;
+-------------------+---------------------+
; Option            ; Setting             ;
+-------------------+---------------------+
; Start date & time ; 09/03/2019 21:54:41 ;
; Main task         ; Compilation         ;
; Revision Name     ; Inversor            ;
+-------------------+---------------------+


+-----------------------------------------------------------------------------------------------------------------------------------------+
; Flow Non-Default Global Settings                                                                                                        ;
+------------------------------------+-----------------------------------------------------+---------------+-------------+----------------+
; Assignment Name                    ; Value                                               ; Default Value ; Entity Name ; Section Id     ;
+------------------------------------+-----------------------------------------------------+---------------+-------------+----------------+
; COMPILER_SIGNATURE_ID              ; 268749063796732.156755848104396                     ; --            ; --          ; --             ;
; MAX_CORE_JUNCTION_TEMP             ; 85                                                  ; --            ; --          ; --             ;
; MIN_CORE_JUNCTION_TEMP             ; 0                                                   ; --            ; --          ; --             ;
; MISC_FILE                          ; C:/Users/cc191251968/Desktop/Circuitos/Inversor.dpf ; --            ; --          ; --             ;
; NOMINAL_CORE_SUPPLY_VOLTAGE        ; 1.2V                                                ; --            ; --          ; --             ;
; PARTITION_COLOR                    ; 16764057                                            ; --            ; --          ; Top            ;
; PARTITION_NETLIST_TYPE             ; SOURCE                                              ; --            ; --          ; Top            ;
; USE_GENERATED_PHYSICAL_CONSTRAINTS ; Off                                                 ; --            ; --          ; eda_blast_fpga ;
+------------------------------------+-----------------------------------------------------+---------------+-------------+----------------+


+-------------------------------------------------------------------------------------------------------------------------------+
; Flow Elapsed Time                                                                                                             ;
+---------------------------+--------------+-------------------------+---------------------+------------------------------------+
; Module Name               ; Elapsed Time ; Average Processors Used ; Peak Virtual Memory ; Total CPU Time (on all processors) ;
+---------------------------+--------------+-------------------------+---------------------+------------------------------------+
; Analysis & Synthesis      ; 00:00:00     ; 1.0                     ; 207 MB              ; 00:00:00                           ;
; Fitter                    ; 00:00:03     ; 1.0                     ; 274 MB              ; 00:00:03                           ;
; Assembler                 ; 00:00:02     ; 1.0                     ; 217 MB              ; 00:00:02                           ;
; TimeQuest Timing Analyzer ; 00:00:01     ; 1.0                     ; 228 MB              ; 00:00:01                           ;
; Total                     ; 00:00:06     ; --                      ; --                  ; 00:00:06                           ;
+---------------------------+--------------+-------------------------+---------------------+------------------------------------+


+--------------------------------------------------------------------------------------------+
; Flow OS Summary                                                                            ;
+---------------------------+------------------+---------------+------------+----------------+
; Module Name               ; Machine Hostname ; OS Name       ; OS Version ; Processor type ;
+---------------------------+------------------+---------------+------------+----------------+
; Analysis & Synthesis      ; m03-6b-lab-dmc   ; Windows Vista ; 6.1        ; x86_64         ;
; Fitter                    ; m03-6b-lab-dmc   ; Windows Vista ; 6.1        ; x86_64         ;
; Assembler                 ; m03-6b-lab-dmc   ; Windows Vista ; 6.1        ; x86_64         ;
; TimeQuest Timing Analyzer ; m03-6b-lab-dmc   ; Windows Vista ; 6.1        ; x86_64         ;
+---------------------------+------------------+---------------+------------+----------------+


------------
; Flow Log ;
------------
quartus_map --read_settings_files=on --write_settings_files=off Inversor -c Inversor
quartus_fit --read_settings_files=off --write_settings_files=off Inversor -c Inversor
quartus_asm --read_settings_files=off --write_settings_files=off Inversor -c Inversor
quartus_sta Inversor -c Inversor



