Flow report for counter7seg
Mon Dec 02 17:36:18 2019
Quartus II Version 9.0 Build 235 06/17/2009 Service Pack 2 SJ Web Edition


---------------------
; Table of Contents ;
---------------------
  1. Legal Notice
  2. Flow Summary
  3. Flow Settings
  4. Flow Non-Default Global Settings
  5. Flow Elapsed Time
  6. Flow OS Summary
  7. Flow Log



----------------
; Legal Notice ;
----------------
Copyright (C) 1991-2009 Altera Corporation
Your use of Altera Corporation's design tools, logic functions 
and other software and tools, and its AMPP partner logic 
functions, and any output files from any of the foregoing 
(including device programming or simulation files), and any 
associated documentation or information are expressly subject 
to the terms and conditions of the Altera Program License 
Subscription Agreement, Altera MegaCore Function License 
Agreement, or other applicable license agreement, including, 
without limitation, that your use is for the sole purpose of 
programming logic devices manufactured by Altera and sold by 
Altera or its authorized distributors.  Please refer to the 
applicable agreement for further details.



+-----------------------------------------------------------------------------------+
; Flow Summary                                                                      ;
+------------------------------------+----------------------------------------------+
; Flow Status                        ; Successful - Mon Dec 02 17:36:14 2019        ;
; Quartus II Version                 ; 9.0 Build 235 06/17/2009 SP 2 SJ Web Edition ;
; Revision Name                      ; counter7seg                                  ;
; Top-level Entity Name              ; counter7seg                                  ;
; Family                             ; Cyclone III                                  ;
; Device                             ; EP3C16F484C6                                 ;
; Timing Models                      ; Final                                        ;
; Met timing requirements            ; N/A                                          ;
; Total logic elements               ; 35 / 15,408 ( < 1 % )                        ;
;     Total combinational functions  ; 35 / 15,408 ( < 1 % )                        ;
;     Dedicated logic registers      ; 4 / 15,408 ( < 1 % )                         ;
; Total registers                    ; 4                                            ;
; Total pins                         ; 11 / 347 ( 3 % )                             ;
; Total virtual pins                 ; 0                                            ;
; Total memory bits                  ; 0 / 516,096 ( 0 % )                          ;
; Embedded Multiplier 9-bit elements ; 0 / 112 ( 0 % )                              ;
; Total PLLs                         ; 0 / 4 ( 0 % )                                ;
+------------------------------------+----------------------------------------------+


+-----------------------------------------+
; Flow Settings                           ;
+-------------------+---------------------+
; Option            ; Setting             ;
+-------------------+---------------------+
; Start date & time ; 12/02/2019 17:36:00 ;
; Main task         ; Compilation         ;
; Revision Name     ; counter7seg         ;
+-------------------+---------------------+


+---------------------------------------------------------------------------------------------------------------------+
; Flow Non-Default Global Settings                                                                                    ;
+------------------------------------+---------------------------------+---------------+-------------+----------------+
; Assignment Name                    ; Value                           ; Default Value ; Entity Name ; Section Id     ;
+------------------------------------+---------------------------------+---------------+-------------+----------------+
; COMPILER_SIGNATURE_ID              ; 110073160976390.157531895900184 ; --            ; --          ; --             ;
; IP_TOOL_NAME                       ; LPM_COUNTER                     ; --            ; --          ; --             ;
; IP_TOOL_VERSION                    ; 9.0                             ; --            ; --          ; --             ;
; MAX_CORE_JUNCTION_TEMP             ; 85                              ; --            ; --          ; --             ;
; MIN_CORE_JUNCTION_TEMP             ; 0                               ; --            ; --          ; --             ;
; MISC_FILE                          ; counter.bsf                     ; --            ; --          ; --             ;
; MISC_FILE                          ; counter.cmp                     ; --            ; --          ; --             ;
; NOMINAL_CORE_SUPPLY_VOLTAGE        ; 1.2V                            ; --            ; --          ; --             ;
; PARTITION_COLOR                    ; 16764057                        ; --            ; --          ; Top            ;
; PARTITION_NETLIST_TYPE             ; SOURCE                          ; --            ; --          ; Top            ;
; USE_GENERATED_PHYSICAL_CONSTRAINTS ; Off                             ; --            ; --          ; eda_blast_fpga ;
+------------------------------------+---------------------------------+---------------+-------------+----------------+


+-------------------------------------------------------------------------------------------------------------------------------+
; Flow Elapsed Time                                                                                                             ;
+---------------------------+--------------+-------------------------+---------------------+------------------------------------+
; Module Name               ; Elapsed Time ; Average Processors Used ; Peak Virtual Memory ; Total CPU Time (on all processors) ;
+---------------------------+--------------+-------------------------+---------------------+------------------------------------+
; Analysis & Synthesis      ; 00:00:02     ; 1.0                     ; 0 MB                ; 00:00:02                           ;
; Fitter                    ; 00:00:05     ; 1.0                     ; 0 MB                ; 00:00:05                           ;
; Assembler                 ; 00:00:02     ; 1.0                     ; 0 MB                ; 00:00:01                           ;
; TimeQuest Timing Analyzer ; 00:00:02     ; 1.0                     ; 0 MB                ; 00:00:02                           ;
; Total                     ; 00:00:11     ; --                      ; --                  ; 00:00:10                           ;
+---------------------------+--------------+-------------------------+---------------------+------------------------------------+


+--------------------------------------------------------------------------------------------+
; Flow OS Summary                                                                            ;
+---------------------------+------------------+---------------+------------+----------------+
; Module Name               ; Machine Hostname ; OS Name       ; OS Version ; Processor type ;
+---------------------------+------------------+---------------+------------+----------------+
; Analysis & Synthesis      ; osmium           ; Windows Vista ; 6.1        ; i686           ;
; Fitter                    ; osmium           ; Windows Vista ; 6.1        ; i686           ;
; Assembler                 ; osmium           ; Windows Vista ; 6.1        ; i686           ;
; TimeQuest Timing Analyzer ; osmium           ; Windows Vista ; 6.1        ; i686           ;
+---------------------------+------------------+---------------+------------+----------------+


------------
; Flow Log ;
------------
quartus_map --read_settings_files=on --write_settings_files=off counter7seg -c counter7seg
quartus_fit --read_settings_files=off --write_settings_files=off counter7seg -c counter7seg
quartus_asm --read_settings_files=off --write_settings_files=off counter7seg -c counter7seg
quartus_sta counter7seg -c counter7seg



